2025-08-17 12:14:06 [ERROR]: ValidationError: Invalid newspost data
    at validateBody (C:\Users\Admin\Desktop\Node_practice\node_homework\hw_6\src\routes\news.ts:36:11)
    at C:\Users\Admin\Desktop\Node_practice\node_homework\hw_6\src\routes\news.ts:67:5
    at Layer.handleRequest (C:\Users\Admin\Desktop\Node_practice\node_homework\hw_6\node_modules\router\lib\layer.js:152:17)
    at next (C:\Users\Admin\Desktop\Node_practice\node_homework\hw_6\node_modules\router\lib\route.js:157:13)
    at Route.dispatch (C:\Users\Admin\Desktop\Node_practice\node_homework\hw_6\node_modules\router\lib\route.js:117:3)
    at handle (C:\Users\Admin\Desktop\Node_practice\node_homework\hw_6\node_modules\router\index.js:435:11)
    at Layer.handleRequest (C:\Users\Admin\Desktop\Node_practice\node_homework\hw_6\node_modules\router\lib\layer.js:152:17)
    at C:\Users\Admin\Desktop\Node_practice\node_homework\hw_6\node_modules\router\index.js:295:15
    at processParams (C:\Users\Admin\Desktop\Node_practice\node_homework\hw_6\node_modules\router\index.js:582:12)
    at next (C:\Users\Admin\Desktop\Node_practice\node_homework\hw_6\node_modules\router\index.js:291:5)
2025-08-17 12:14:56 [ERROR]: ValidationError: Invalid newspost data
    at validateBody (C:\Users\Admin\Desktop\Node_practice\node_homework\hw_6\src\routes\news.ts:36:11)
    at C:\Users\Admin\Desktop\Node_practice\node_homework\hw_6\src\routes\news.ts:67:5
    at Layer.handleRequest (C:\Users\Admin\Desktop\Node_practice\node_homework\hw_6\node_modules\router\lib\layer.js:152:17)
    at next (C:\Users\Admin\Desktop\Node_practice\node_homework\hw_6\node_modules\router\lib\route.js:157:13)
    at Route.dispatch (C:\Users\Admin\Desktop\Node_practice\node_homework\hw_6\node_modules\router\lib\route.js:117:3)
    at handle (C:\Users\Admin\Desktop\Node_practice\node_homework\hw_6\node_modules\router\index.js:435:11)
    at Layer.handleRequest (C:\Users\Admin\Desktop\Node_practice\node_homework\hw_6\node_modules\router\lib\layer.js:152:17)
    at C:\Users\Admin\Desktop\Node_practice\node_homework\hw_6\node_modules\router\index.js:295:15
    at processParams (C:\Users\Admin\Desktop\Node_practice\node_homework\hw_6\node_modules\router\index.js:582:12)
    at next (C:\Users\Admin\Desktop\Node_practice\node_homework\hw_6\node_modules\router\index.js:291:5)
2025-08-17 12:35:02 [ERROR]: ValidationError: Invalid newspost data
    at validateBody (C:\Users\Admin\Desktop\Node_practice\node_homework\hw_6\src\routes\news.ts:36:11)
    at C:\Users\Admin\Desktop\Node_practice\node_homework\hw_6\src\routes\news.ts:67:5
    at Layer.handleRequest (C:\Users\Admin\Desktop\Node_practice\node_homework\hw_6\node_modules\router\lib\layer.js:152:17)
    at next (C:\Users\Admin\Desktop\Node_practice\node_homework\hw_6\node_modules\router\lib\route.js:157:13)
    at Route.dispatch (C:\Users\Admin\Desktop\Node_practice\node_homework\hw_6\node_modules\router\lib\route.js:117:3)
    at handle (C:\Users\Admin\Desktop\Node_practice\node_homework\hw_6\node_modules\router\index.js:435:11)
    at Layer.handleRequest (C:\Users\Admin\Desktop\Node_practice\node_homework\hw_6\node_modules\router\lib\layer.js:152:17)
    at C:\Users\Admin\Desktop\Node_practice\node_homework\hw_6\node_modules\router\index.js:295:15
    at processParams (C:\Users\Admin\Desktop\Node_practice\node_homework\hw_6\node_modules\router\index.js:582:12)
    at next (C:\Users\Admin\Desktop\Node_practice\node_homework\hw_6\node_modules\router\index.js:291:5)
2025-08-17 12:35:09 [ERROR]: ValidationError: Invalid newspost data
    at validateBody (C:\Users\Admin\Desktop\Node_practice\node_homework\hw_6\src\routes\news.ts:36:11)
    at C:\Users\Admin\Desktop\Node_practice\node_homework\hw_6\src\routes\news.ts:67:5
    at Layer.handleRequest (C:\Users\Admin\Desktop\Node_practice\node_homework\hw_6\node_modules\router\lib\layer.js:152:17)
    at next (C:\Users\Admin\Desktop\Node_practice\node_homework\hw_6\node_modules\router\lib\route.js:157:13)
    at Route.dispatch (C:\Users\Admin\Desktop\Node_practice\node_homework\hw_6\node_modules\router\lib\route.js:117:3)
    at handle (C:\Users\Admin\Desktop\Node_practice\node_homework\hw_6\node_modules\router\index.js:435:11)
    at Layer.handleRequest (C:\Users\Admin\Desktop\Node_practice\node_homework\hw_6\node_modules\router\lib\layer.js:152:17)
    at C:\Users\Admin\Desktop\Node_practice\node_homework\hw_6\node_modules\router\index.js:295:15
    at processParams (C:\Users\Admin\Desktop\Node_practice\node_homework\hw_6\node_modules\router\index.js:582:12)
    at next (C:\Users\Admin\Desktop\Node_practice\node_homework\hw_6\node_modules\router\index.js:291:5)
2025-08-17 12:54:53 [ERROR]: ValidationError: Invalid newspost data
    at validateBody (C:\Users\Admin\Desktop\Node_practice\node_homework\hw_6\src\routes\news.ts:36:11)
    at C:\Users\Admin\Desktop\Node_practice\node_homework\hw_6\src\routes\news.ts:67:5
    at Layer.handleRequest (C:\Users\Admin\Desktop\Node_practice\node_homework\hw_6\node_modules\router\lib\layer.js:152:17)
    at next (C:\Users\Admin\Desktop\Node_practice\node_homework\hw_6\node_modules\router\lib\route.js:157:13)
    at Route.dispatch (C:\Users\Admin\Desktop\Node_practice\node_homework\hw_6\node_modules\router\lib\route.js:117:3)
    at handle (C:\Users\Admin\Desktop\Node_practice\node_homework\hw_6\node_modules\router\index.js:435:11)
    at Layer.handleRequest (C:\Users\Admin\Desktop\Node_practice\node_homework\hw_6\node_modules\router\lib\layer.js:152:17)
    at C:\Users\Admin\Desktop\Node_practice\node_homework\hw_6\node_modules\router\index.js:295:15
    at processParams (C:\Users\Admin\Desktop\Node_practice\node_homework\hw_6\node_modules\router\index.js:582:12)
    at next (C:\Users\Admin\Desktop\Node_practice\node_homework\hw_6\node_modules\router\index.js:291:5)
2025-08-17 13:04:17 [ERROR]: ValidationError: Invalid newspost data
    at validateBody (C:\Users\Admin\Desktop\Node_practice\node_homework\hw_6\src\routes\news.ts:36:11)
    at C:\Users\Admin\Desktop\Node_practice\node_homework\hw_6\src\routes\news.ts:67:5
    at Layer.handleRequest (C:\Users\Admin\Desktop\Node_practice\node_homework\hw_6\node_modules\router\lib\layer.js:152:17)
    at next (C:\Users\Admin\Desktop\Node_practice\node_homework\hw_6\node_modules\router\lib\route.js:157:13)
    at Route.dispatch (C:\Users\Admin\Desktop\Node_practice\node_homework\hw_6\node_modules\router\lib\route.js:117:3)
    at handle (C:\Users\Admin\Desktop\Node_practice\node_homework\hw_6\node_modules\router\index.js:435:11)
    at Layer.handleRequest (C:\Users\Admin\Desktop\Node_practice\node_homework\hw_6\node_modules\router\lib\layer.js:152:17)
    at C:\Users\Admin\Desktop\Node_practice\node_homework\hw_6\node_modules\router\index.js:295:15
    at processParams (C:\Users\Admin\Desktop\Node_practice\node_homework\hw_6\node_modules\router\index.js:582:12)
    at next (C:\Users\Admin\Desktop\Node_practice\node_homework\hw_6\node_modules\router\index.js:291:5)
2025-08-17 15:40:22 [ERROR]: ValidationError: Invalid newspost data
    at validateBody (C:\Users\Admin\Desktop\Node_practice\node_homework\hw_6\src\routes\news.ts:36:11)
    at C:\Users\Admin\Desktop\Node_practice\node_homework\hw_6\src\routes\news.ts:78:5
    at Layer.handleRequest (C:\Users\Admin\Desktop\Node_practice\node_homework\hw_6\node_modules\router\lib\layer.js:152:17)
    at next (C:\Users\Admin\Desktop\Node_practice\node_homework\hw_6\node_modules\router\lib\route.js:157:13)
    at Route.dispatch (C:\Users\Admin\Desktop\Node_practice\node_homework\hw_6\node_modules\router\lib\route.js:117:3)
    at handle (C:\Users\Admin\Desktop\Node_practice\node_homework\hw_6\node_modules\router\index.js:435:11)
    at Layer.handleRequest (C:\Users\Admin\Desktop\Node_practice\node_homework\hw_6\node_modules\router\lib\layer.js:152:17)
    at C:\Users\Admin\Desktop\Node_practice\node_homework\hw_6\node_modules\router\index.js:295:15
    at param (C:\Users\Admin\Desktop\Node_practice\node_homework\hw_6\node_modules\router\index.js:600:14)
    at param (C:\Users\Admin\Desktop\Node_practice\node_homework\hw_6\node_modules\router\index.js:610:14)
2025-08-17 15:46:00 [ERROR]: ValidationError: Invalid newspost data
    at validateBody (C:\Users\Admin\Desktop\Node_practice\node_homework\hw_6\src\routes\news.ts:36:11)
    at C:\Users\Admin\Desktop\Node_practice\node_homework\hw_6\src\routes\news.ts:78:5
    at Layer.handleRequest (C:\Users\Admin\Desktop\Node_practice\node_homework\hw_6\node_modules\router\lib\layer.js:152:17)
    at next (C:\Users\Admin\Desktop\Node_practice\node_homework\hw_6\node_modules\router\lib\route.js:157:13)
    at Route.dispatch (C:\Users\Admin\Desktop\Node_practice\node_homework\hw_6\node_modules\router\lib\route.js:117:3)
    at handle (C:\Users\Admin\Desktop\Node_practice\node_homework\hw_6\node_modules\router\index.js:435:11)
    at Layer.handleRequest (C:\Users\Admin\Desktop\Node_practice\node_homework\hw_6\node_modules\router\lib\layer.js:152:17)
    at C:\Users\Admin\Desktop\Node_practice\node_homework\hw_6\node_modules\router\index.js:295:15
    at param (C:\Users\Admin\Desktop\Node_practice\node_homework\hw_6\node_modules\router\index.js:600:14)
    at param (C:\Users\Admin\Desktop\Node_practice\node_homework\hw_6\node_modules\router\index.js:610:14)
2025-08-17 15:46:44 [ERROR]: ValidationError: Invalid newspost data
    at validateBody (C:\Users\Admin\Desktop\Node_practice\node_homework\hw_6\src\routes\news.ts:36:11)
    at C:\Users\Admin\Desktop\Node_practice\node_homework\hw_6\src\routes\news.ts:78:5
    at Layer.handleRequest (C:\Users\Admin\Desktop\Node_practice\node_homework\hw_6\node_modules\router\lib\layer.js:152:17)
    at next (C:\Users\Admin\Desktop\Node_practice\node_homework\hw_6\node_modules\router\lib\route.js:157:13)
    at Route.dispatch (C:\Users\Admin\Desktop\Node_practice\node_homework\hw_6\node_modules\router\lib\route.js:117:3)
    at handle (C:\Users\Admin\Desktop\Node_practice\node_homework\hw_6\node_modules\router\index.js:435:11)
    at Layer.handleRequest (C:\Users\Admin\Desktop\Node_practice\node_homework\hw_6\node_modules\router\lib\layer.js:152:17)
    at C:\Users\Admin\Desktop\Node_practice\node_homework\hw_6\node_modules\router\index.js:295:15
    at param (C:\Users\Admin\Desktop\Node_practice\node_homework\hw_6\node_modules\router\index.js:600:14)
    at param (C:\Users\Admin\Desktop\Node_practice\node_homework\hw_6\node_modules\router\index.js:610:14)
